#! /c/Source/iverilog-install/bin/vvp
:ivl_version "12.0 (devel)" "(s20150603-1539-g2693dd32b)";
:ivl_delay_selection "TYPICAL";
:vpi_time_precision - 12;
:vpi_module "C:\iverilog\lib\ivl\system.vpi";
:vpi_module "C:\iverilog\lib\ivl\vhdl_sys.vpi";
:vpi_module "C:\iverilog\lib\ivl\vhdl_textio.vpi";
:vpi_module "C:\iverilog\lib\ivl\v2005_math.vpi";
:vpi_module "C:\iverilog\lib\ivl\va_math.vpi";
S_00000204adb1de00 .scope module, "tb_top_module" "tb_top_module" 2 3;
 .timescale -9 -12;
v00000204adc265d0_0 .net "Q", 3 0, v00000204adb16d00_0;  1 drivers
L_00000204adc26878 .functor BUFT 1, C4<0001>, C4<0>, C4<0>, C4<0>;
v00000204adc260d0_0 .net "c_d", 3 0, L_00000204adc26878;  1 drivers
v00000204adc259f0_0 .net "c_enable", 0 0, L_00000204adbdb060;  1 drivers
v00000204adc263f0_0 .net "c_load", 0 0, L_00000204adbdaf80;  1 drivers
v00000204adc26490_0 .var "clk", 0 0;
v00000204adc26530_0 .var "enable", 0 0;
v00000204adc25f90_0 .var "reset", 0 0;
S_00000204adb1df90 .scope module, "uut" "top_module" 2 15, 3 3 0, S_00000204adb1de00;
 .timescale 0 0;
    .port_info 0 /INPUT 1 "clk";
    .port_info 1 /INPUT 1 "reset";
    .port_info 2 /INPUT 1 "enable";
    .port_info 3 /OUTPUT 4 "Q";
    .port_info 4 /OUTPUT 1 "c_enable";
    .port_info 5 /OUTPUT 1 "c_load";
    .port_info 6 /OUTPUT 4 "c_d";
L_00000204adbdb0d0 .functor AND 1, v00000204adc26530_0, L_00000204adc25db0, C4<1>, C4<1>;
L_00000204adbdaf80 .functor OR 1, v00000204adc25f90_0, L_00000204adbdb0d0, C4<0>, C4<0>;
L_00000204adbdb060 .functor AND 1, v00000204adc26530_0, L_00000204adc25c70, C4<1>, C4<1>;
v00000204adb1c870_0 .net "Q", 3 0, v00000204adb16d00_0;  alias, 1 drivers
L_00000204adc26908 .functor BUFT 1, C4<1100>, C4<0>, C4<0>, C4<0>;
v00000204adb1c910_0 .net/2u *"_ivl_10", 3 0, L_00000204adc26908;  1 drivers
v00000204adb1c9b0_0 .net *"_ivl_12", 0 0, L_00000204adc25c70;  1 drivers
L_00000204adc268c0 .functor BUFT 1, C4<1100>, C4<0>, C4<0>, C4<0>;
v00000204adb1ca50_0 .net/2u *"_ivl_2", 3 0, L_00000204adc268c0;  1 drivers
v00000204adbc7820_0 .net *"_ivl_4", 0 0, L_00000204adc25db0;  1 drivers
v00000204adc26670_0 .net *"_ivl_6", 0 0, L_00000204adbdb0d0;  1 drivers
v00000204adc262b0_0 .net "c_d", 3 0, L_00000204adc26878;  alias, 1 drivers
v00000204adc26030_0 .net "c_enable", 0 0, L_00000204adbdb060;  alias, 1 drivers
v00000204adc26210_0 .net "c_load", 0 0, L_00000204adbdaf80;  alias, 1 drivers
v00000204adc25d10_0 .net "clk", 0 0, v00000204adc26490_0;  1 drivers
v00000204adc25a90_0 .net "enable", 0 0, v00000204adc26530_0;  1 drivers
v00000204adc26350_0 .net "reset", 0 0, v00000204adc25f90_0;  1 drivers
L_00000204adc25db0 .cmp/eq 4, v00000204adb16d00_0, L_00000204adc268c0;
L_00000204adc25c70 .cmp/ne 4, v00000204adb16d00_0, L_00000204adc26908;
S_00000204adb1c6e0 .scope module, "counter_inst" "count4" 3 21, 3 31 0, S_00000204adb1df90;
 .timescale 0 0;
    .port_info 0 /INPUT 1 "clk";
    .port_info 1 /INPUT 1 "enable";
    .port_info 2 /INPUT 1 "load";
    .port_info 3 /INPUT 4 "d";
    .port_info 4 /OUTPUT 4 "Q";
v00000204adb16d00_0 .var "Q", 3 0;
v00000204adb16a80_0 .net "clk", 0 0, v00000204adc26490_0;  alias, 1 drivers
v00000204adbd4570_0 .net "d", 3 0, L_00000204adc26878;  alias, 1 drivers
v00000204adb1e120_0 .net "enable", 0 0, L_00000204adbdb060;  alias, 1 drivers
v00000204adb1e1c0_0 .net "load", 0 0, L_00000204adbdaf80;  alias, 1 drivers
E_00000204adbc4ca0 .event posedge, v00000204adb16a80_0;
    .scope S_00000204adb1c6e0;
T_0 ;
    %wait E_00000204adbc4ca0;
    %load/vec4 v00000204adb1e1c0_0;
    %flag_set/vec4 8;
    %jmp/0xz  T_0.0, 8;
    %load/vec4 v00000204adbd4570_0;
    %assign/vec4 v00000204adb16d00_0, 0;
    %jmp T_0.1;
T_0.0 ;
    %load/vec4 v00000204adb1e120_0;
    %flag_set/vec4 8;
    %jmp/0xz  T_0.2, 8;
    %load/vec4 v00000204adb16d00_0;
    %addi 1, 0, 4;
    %assign/vec4 v00000204adb16d00_0, 0;
T_0.2 ;
T_0.1 ;
    %jmp T_0;
    .thread T_0;
    .scope S_00000204adb1de00;
T_1 ;
    %delay 5000, 0;
    %load/vec4 v00000204adc26490_0;
    %inv;
    %store/vec4 v00000204adc26490_0, 0, 1;
    %jmp T_1;
    .thread T_1;
    .scope S_00000204adb1de00;
T_2 ;
    %pushi/vec4 0, 0, 1;
    %store/vec4 v00000204adc26490_0, 0, 1;
    %pushi/vec4 1, 0, 1;
    %store/vec4 v00000204adc25f90_0, 0, 1;
    %pushi/vec4 0, 0, 1;
    %store/vec4 v00000204adc26530_0, 0, 1;
    %delay 10000, 0;
    %pushi/vec4 0, 0, 1;
    %store/vec4 v00000204adc25f90_0, 0, 1;
    %delay 10000, 0;
    %pushi/vec4 1, 0, 1;
    %store/vec4 v00000204adc26530_0, 0, 1;
    %delay 200000, 0;
    %pushi/vec4 0, 0, 1;
    %store/vec4 v00000204adc26530_0, 0, 1;
    %delay 50000, 0;
    %pushi/vec4 1, 0, 1;
    %store/vec4 v00000204adc26530_0, 0, 1;
    %delay 100000, 0;
    %vpi_call 2 52 "$finish" {0 0 0};
    %end;
    .thread T_2;
    .scope S_00000204adb1de00;
T_3 ;
    %vpi_call 2 57 "$monitor", "time=%0t reset=%b enable=%b Q=%d c_enable=%b c_load=%b", $time, v00000204adc25f90_0, v00000204adc26530_0, v00000204adc265d0_0, v00000204adc259f0_0, v00000204adc263f0_0 {0 0 0};
    %end;
    .thread T_3;
    .scope S_00000204adb1de00;
T_4 ;
    %vpi_call 2 63 "$dumpfile", "wave.vcd" {0 0 0};
    %vpi_call 2 64 "$dumpvars", 32'sb00000000000000000000000000000000, S_00000204adb1de00 {0 0 0};
    %end;
    .thread T_4;
# The file index is used to find the file name in the following table.
:file_names 4;
    "N/A";
    "<interactive>";
    "tb_counter1to12.v";
    "counter1to12.v";
